2024-03-19 15:52:33,855:INFO:Application is running
2024-03-19 15:52:38,536:CRITICAL:Empty DataFrame
Columns: [label]
Index: []
2024-03-19 15:54:35,099:INFO:Application is running
2024-03-19 15:55:32,428:INFO:Application is running
2024-03-19 15:55:42,658:CRITICAL:Empty DataFrame
Columns: [label]
Index: []
2024-03-19 15:56:28,339:INFO:Application is running
2024-03-19 15:56:58,057:INFO:Application is running
2024-03-19 15:58:01,892:INFO:Application is running
2024-03-19 15:58:17,983:CRITICAL:Empty DataFrame
Columns: [label]
Index: []
2024-03-19 15:59:51,262:INFO:Application is running
2024-03-19 15:59:55,308:CRITICAL:Empty DataFrame
Columns: [label]
Index: []
2024-03-19 16:00:26,801:INFO:Application is running
2024-03-19 16:00:30,230:CRITICAL:Empty DataFrame
Columns: [label]
Index: []
2024-03-19 16:00:49,607:INFO:Application is running
2024-03-19 16:01:29,628:INFO:Application is running
2024-03-19 16:01:52,608:CRITICAL:Empty DataFrame
Columns: [label]
Index: []
2024-03-19 16:02:29,650:INFO:Application is running
2024-03-19 16:02:38,299:CRITICAL:Empty DataFrame
Columns: [label]
Index: []
2024-03-19 16:03:52,389:INFO:Application is running
2024-03-19 16:04:03,759:CRITICAL:Empty DataFrame
Columns: [label]
Index: []
2024-03-19 16:04:49,858:INFO:Application is running
2024-03-19 16:04:55,319:CRITICAL:Empty DataFrame
Columns: [label]
Index: []
2024-03-19 16:05:27,798:INFO:Application is running
2024-03-19 16:05:47,189:CRITICAL:Empty DataFrame
Columns: [label]
Index: []
2024-03-19 16:06:46,331:INFO:Application is running
2024-03-19 16:06:54,808:CRITICAL:           0         1         2         3         4         5         6  ...        57        58        59        60        61        62  label
0   0.109393  0.179026  0.238573  0.280739  0.316105  0.237029  0.276856  ... -0.010665 -0.017338 -0.002332 -0.008894 -0.012832 -0.015412      A
1   0.109393  0.179026  0.238573  0.280739  0.316105  0.237029  0.276856  ... -0.010665 -0.017338 -0.002332 -0.008894 -0.012832 -0.015412      A
2   0.109393  0.179026  0.238573  0.280739  0.316105  0.237029  0.276856  ... -0.010665 -0.017338 -0.002332 -0.008894 -0.012832 -0.015412      A
3   0.109393  0.179026  0.238573  0.280739  0.316105  0.237029  0.276856  ... -0.010665 -0.017338 -0.002332 -0.008894 -0.012832 -0.015412      A
4   0.109393  0.179026  0.238573  0.280739  0.316105  0.237029  0.276856  ... -0.010665 -0.017338 -0.002332 -0.008894 -0.012832 -0.015412      A
5   0.109393  0.179026  0.238573  0.280739  0.316105  0.237029  0.276856  ... -0.010665 -0.017338 -0.002332 -0.008894 -0.012832 -0.015412      A
6   0.109393  0.179026  0.238573  0.280739  0.316105  0.237029  0.276856  ... -0.010665 -0.017338 -0.002332 -0.008894 -0.012832 -0.015412      A
7   0.109393  0.179026  0.238573  0.280739  0.316105  0.237029  0.276856  ... -0.010665 -0.017338 -0.002332 -0.008894 -0.012832 -0.015412      A
8   0.109393  0.179026  0.238573  0.280739  0.316105  0.237029  0.276856  ... -0.010665 -0.017338 -0.002332 -0.008894 -0.012832 -0.015412      A
9   0.109393  0.179026  0.238573  0.280739  0.316105  0.237029  0.276856  ... -0.010665 -0.017338 -0.002332 -0.008894 -0.012832 -0.015412      A
10  0.109393  0.179026  0.238573  0.280739  0.316105  0.237029  0.276856  ... -0.010665 -0.017338 -0.002332 -0.008894 -0.012832 -0.015412      A
11  0.109393  0.179026  0.238573  0.280739  0.316105  0.237029  0.276856  ... -0.010665 -0.017338 -0.002332 -0.008894 -0.012832 -0.015412      A
12  0.109393  0.179026  0.238573  0.280739  0.316105  0.237029  0.276856  ... -0.010665 -0.017338 -0.002332 -0.008894 -0.012832 -0.015412      A
13  0.109393  0.179026  0.238573  0.280739  0.316105  0.237029  0.276856  ... -0.010665 -0.017338 -0.002332 -0.008894 -0.012832 -0.015412      A
14  0.109393  0.179026  0.238573  0.280739  0.316105  0.237029  0.276856  ... -0.010665 -0.017338 -0.002332 -0.008894 -0.012832 -0.015412      A
15  0.109393  0.179026  0.238573  0.280739  0.316105  0.237029  0.276856  ... -0.010665 -0.017338 -0.002332 -0.008894 -0.012832 -0.015412      A
16  0.109393  0.179026  0.238573  0.280739  0.316105  0.237029  0.276856  ... -0.010665 -0.017338 -0.002332 -0.008894 -0.012832 -0.015412      A
17  0.109393  0.179026  0.238573  0.280739  0.316105  0.237029  0.276856  ... -0.010665 -0.017338 -0.002332 -0.008894 -0.012832 -0.015412      A
18  0.109393  0.179026  0.238573  0.280739  0.316105  0.237029  0.276856  ... -0.010665 -0.017338 -0.002332 -0.008894 -0.012832 -0.015412      A
19  0.109393  0.179026  0.238573  0.280739  0.316105  0.237029  0.276856  ... -0.010665 -0.017338 -0.002332 -0.008894 -0.012832 -0.015412      A
20  0.109393  0.179026  0.238573  0.280739  0.316105  0.237029  0.276856  ... -0.010665 -0.017338 -0.002332 -0.008894 -0.012832 -0.015412      A
21  0.109393  0.179026  0.238573  0.280739  0.316105  0.237029  0.276856  ... -0.010665 -0.017338 -0.002332 -0.008894 -0.012832 -0.015412      A
22  0.109393  0.179026  0.238573  0.280739  0.316105  0.237029  0.276856  ... -0.010665 -0.017338 -0.002332 -0.008894 -0.012832 -0.015412      A

[23 rows x 64 columns]
2024-03-19 16:07:48,547:INFO:Application is running
2024-03-19 16:07:56,459:CRITICAL:Empty DataFrame
Columns: [label]
Index: []
2024-03-19 16:09:08,709:INFO:Application is running
2024-03-19 16:09:20,379:CRITICAL:Empty DataFrame
Columns: [label]
Index: []
2024-03-19 16:09:46,638:INFO:Application is running
2024-03-19 16:10:03,228:CRITICAL:Empty DataFrame
Columns: [label]
Index: []
2024-03-19 16:10:31,998:INFO:Application is running
2024-03-19 16:10:39,748:CRITICAL:Empty DataFrame
Columns: [label]
Index: []
